<?xml version="1.0" encoding="UTF-8"?>
<!-- Generated by org.testng.reporters.JUnitXMLReporter -->
<testsuite ignored="0" hostname="manukiran" failures="0" tests="6" name="Default test" time="0.07" errors="0" timestamp="2025-08-18T20:53:12 IST">
  <testcase classname="smokeTests" name="RegressionTest3" time="0.012"/>
  <testcase classname="smokeTests" name="smoke_test_1" time="0.002"/>
  <testcase classname="smokeTests" name="smoke_test_method" time="0.002"/>
  <testcase classname="RegressionTest" name="RegressionTest3" time="0.001"/>
  <testcase classname="RegressionTest" name="Regression_test_1" time="0.001"/>
  <testcase classname="RegressionTest" name="regression_test_method" time="0.001"/>
</testsuite> <!-- Default test -->
