<?xml version="1.0" encoding="UTF-8"?>
<!-- Generated by org.testng.reporters.JUnitXMLReporter -->
<testsuite ignored="0" hostname="manukiran" failures="0" tests="3" name="SmokeTest" time="0.059" errors="0" timestamp="2025-08-18T21:17:12 IST">
  <testcase classname="tests.smokeTests" name="RegressionTest3" time="0.009"/>
  <testcase classname="tests.smokeTests" name="smoke_test_1" time="0.001"/>
  <testcase classname="tests.smokeTests" name="smoke_test_method" time="0.002"/>
</testsuite> <!-- SmokeTest -->
