<?xml version="1.0" encoding="UTF-8"?>
<!-- Generated by org.testng.reporters.JUnitXMLReporter -->
<testsuite ignored="0" hostname="manukiran" failures="0" tests="3" name="RegressionTest" time="0.049" errors="0" timestamp="2025-08-18T21:33:45 IST">
  <testcase classname="tests.RegressionTest" name="RegressionTest3" time="0.009"/>
  <testcase classname="tests.RegressionTest" name="Regression_test_1" time="0.0"/>
  <testcase classname="tests.RegressionTest" name="regression_test_method" time="0.0"/>
</testsuite> <!-- RegressionTest -->
