<?xml version="1.0" encoding="UTF-8"?>
<testng-results ignored="0" total="3" passed="3" failed="0" skipped="0">
  <reporter-output>
  </reporter-output>
  <suite started-at="2025-08-18T21:33:49 IST" name="Suite" finished-at="2025-08-18T21:33:49 IST" duration-ms="51">
    <groups>
    </groups>
    <test started-at="2025-08-18T21:33:49 IST" name="SmokeTest" finished-at="2025-08-18T21:33:49 IST" duration-ms="51">
      <class name="tests.smokeTests">
        <test-method signature="RegressionTest3()[pri:0, instance:tests.smokeTests@61df66b6]" started-at="2025-08-18T21:33:49 IST" name="RegressionTest3" finished-at="2025-08-18T21:33:49 IST" duration-ms="8" status="PASS">
          <reporter-output>
          </reporter-output>
        </test-method> <!-- RegressionTest3 -->
        <test-method signature="smoke_test_1()[pri:0, instance:tests.smokeTests@61df66b6]" started-at="2025-08-18T21:33:49 IST" name="smoke_test_1" finished-at="2025-08-18T21:33:49 IST" duration-ms="0" status="PASS">
          <reporter-output>
          </reporter-output>
        </test-method> <!-- smoke_test_1 -->
        <test-method signature="smoke_test_method()[pri:0, instance:tests.smokeTests@61df66b6]" started-at="2025-08-18T21:33:49 IST" name="smoke_test_method" finished-at="2025-08-18T21:33:49 IST" duration-ms="0" status="PASS">
          <reporter-output>
          </reporter-output>
        </test-method> <!-- smoke_test_method -->
      </class> <!-- tests.smokeTests -->
    </test> <!-- SmokeTest -->
  </suite> <!-- Suite -->
</testng-results>
